C:\Program Files (x86)\Microsoft Visual Studio\2017\Community\Common7\IDE\VC\VCTargets\Microsoft.CppBuild.targets(387,5): warning MSB8028: El directorio intermedio (Debug\) contiene archivos compartidos de otro proyecto (ProyectoLCG.vcxproj). Esto puede dar lugar a un comportamiento incorrecto de limpieza y recompilación.
  texture.cpp
  main_pcg.cpp
c:\users\k322\documents\github\projectcompugrafica\proyectocg\main_pcg.cpp(1673): warning C4551: la llamada a la función no tiene lista de argumentos
  figuras.cpp
c:\users\k322\documents\github\projectcompugrafica\proyectocg\figuras.cpp(20): warning C4838: la conversión de 'double' en 'GLfloat' requiere una conversión de restricción
c:\users\k322\documents\github\projectcompugrafica\proyectocg\figuras.cpp(90): warning C4838: la conversión de 'double' en 'GLfloat' requiere una conversión de restricción
c:\users\k322\documents\github\projectcompugrafica\proyectocg\figuras.cpp(115): warning C4838: la conversión de 'double' en 'GLfloat' requiere una conversión de restricción
c:\users\k322\documents\github\projectcompugrafica\proyectocg\figuras.cpp(140): warning C4838: la conversión de 'double' en 'GLfloat' requiere una conversión de restricción
c:\users\k322\documents\github\projectcompugrafica\proyectocg\figuras.cpp(351): warning C4101: 'theta': variable local sin referencia
c:\users\k322\documents\github\projectcompugrafica\proyectocg\figuras.cpp(351): warning C4101: 'phi': variable local sin referencia
  Camera.cpp
  Generando código...
  LINK : no se encontró C:\Users\k322\Documents\GitHub\ProjectCompuGrafica\Debug\ProyectoCG.exe o no lo generó el último vínculo incremental; ejecutando vínculo completo
CModel.lib(_3dsloader.obj) : warning LNK4099: no se encontró PDB 'vc70.pdb' con 'CModel.lib(_3dsloader.obj)' o en 'C:\Users\k322\Documents\GitHub\ProjectCompuGrafica\Debug\vc70.pdb'; se vinculará el objeto sin tener en cuenta información de depuración
CModel.lib(CModel.obj) : warning LNK4099: no se encontró PDB 'vc70.pdb' con 'CModel.lib(CModel.obj)' o en 'C:\Users\k322\Documents\GitHub\ProjectCompuGrafica\Debug\vc70.pdb'; se vinculará el objeto sin tener en cuenta información de depuración
CModel.lib(CObject.obj) : warning LNK4099: no se encontró PDB 'vc70.pdb' con 'CModel.lib(CObject.obj)' o en 'C:\Users\k322\Documents\GitHub\ProjectCompuGrafica\Debug\vc70.pdb'; se vinculará el objeto sin tener en cuenta información de depuración
CModel.lib(GFILoader.obj) : warning LNK4099: no se encontró PDB 'vc70.pdb' con 'CModel.lib(GFILoader.obj)' o en 'C:\Users\k322\Documents\GitHub\ProjectCompuGrafica\Debug\vc70.pdb'; se vinculará el objeto sin tener en cuenta información de depuración
CModel.lib(GLRender.obj) : warning LNK4099: no se encontró PDB 'vc70.pdb' con 'CModel.lib(GLRender.obj)' o en 'C:\Users\k322\Documents\GitHub\ProjectCompuGrafica\Debug\vc70.pdb'; se vinculará el objeto sin tener en cuenta información de depuración
CModel.lib(HandleStream.obj) : warning LNK4099: no se encontró PDB 'vc70.pdb' con 'CModel.lib(HandleStream.obj)' o en 'C:\Users\k322\Documents\GitHub\ProjectCompuGrafica\Debug\vc70.pdb'; se vinculará el objeto sin tener en cuenta información de depuración
CModel.lib(imageload.obj) : warning LNK4099: no se encontró PDB 'vc70.pdb' con 'CModel.lib(imageload.obj)' o en 'C:\Users\k322\Documents\GitHub\ProjectCompuGrafica\Debug\vc70.pdb'; se vinculará el objeto sin tener en cuenta información de depuración
CModel.lib(MATRIX4X4.obj) : warning LNK4099: no se encontró PDB 'vc70.pdb' con 'CModel.lib(MATRIX4X4.obj)' o en 'C:\Users\k322\Documents\GitHub\ProjectCompuGrafica\Debug\vc70.pdb'; se vinculará el objeto sin tener en cuenta información de depuración
CModel.lib(VECTOR3D.obj) : warning LNK4099: no se encontró PDB 'vc70.pdb' con 'CModel.lib(VECTOR3D.obj)' o en 'C:\Users\k322\Documents\GitHub\ProjectCompuGrafica\Debug\vc70.pdb'; se vinculará el objeto sin tener en cuenta información de depuración
CModel.lib(VECTOR4D.obj) : warning LNK4099: no se encontró PDB 'vc70.pdb' con 'CModel.lib(VECTOR4D.obj)' o en 'C:\Users\k322\Documents\GitHub\ProjectCompuGrafica\Debug\vc70.pdb'; se vinculará el objeto sin tener en cuenta información de depuración
  ProyectoLCG.vcxproj -> C:\Users\k322\Documents\GitHub\ProjectCompuGrafica\Debug\ProyectoCG.exe
  ProyectoLCG.vcxproj -> C:\Users\k322\Documents\GitHub\ProjectCompuGrafica\Debug\ProyectoCG.pdb (Partial PDB)
